<?xml version="1.0" encoding="UTF-8"?>
<!-- Generated by org.testng.reporters.JUnitXMLReporter -->
<testsuite ignored="4" hostname="DESKTOP-T3H5MLF" failures="0" tests="0" time="0.016" errors="0" timestamp="2024-07-12T14:28:45 IST">
  <testcase classname="com.crm.orgtest.CreateOrganizationTest" name="createOrgWithPhNo" time="0.0">
    <ignored/>
  </testcase> <!-- createOrgWithPhNo -->
  <testcase classname="com.crm.orgtest.CreateOrganizationTest" name="createOrg" time="0.0">
    <ignored/>
  </testcase> <!-- createOrg -->
  <testcase classname="com.crm.orgtest.CreateOrganizationTest" name="deleteOrg" time="0.0">
    <ignored/>
  </testcase> <!-- deleteOrg -->
  <testcase classname="com.crm.orgtest.CreateOrganizationTest" name="createOrgWithIndusType" time="0.0">
    <ignored/>
  </testcase> <!-- createOrgWithIndusType -->
</testsuite>
