<?xml version="1.0" encoding="UTF-8"?>
<!-- Generated by org.testng.reporters.JUnitXMLReporter -->
<testsuite ignored="2" hostname="DESKTOP-T3H5MLF" failures="0" tests="1" name="Default test" time="238.522" errors="0" timestamp="2024-07-15T12:09:54 IST">
  <testcase classname="com.crm.contacttest.CreateContactTest" name="createContact" time="230.549"/>
  <testcase classname="com.crm.contacttest.CreateContactTest" name="createContactWithSupDate" time="0.0">
    <ignored/>
  </testcase> <!-- createContactWithSupDate -->
  <testcase classname="com.crm.contacttest.CreateContactTest" name="createContactWithOrg" time="0.0">
    <ignored/>
  </testcase> <!-- createContactWithOrg -->
</testsuite> <!-- Default test -->
